# JRE version: OpenJDK Runtime Environment (8.0_242-b01) (build 1.8.0_242-release-1644-b01)
# Java VM: OpenJDK 64-Bit Server VM (25.242-b01 mixed mode windows-amd64 compressed oops)
Heap:
 PSYoungGen      total 239104K, used 38441K [0x00000000d5580000, 0x00000000e5700000, 0x0000000100000000)
  eden space 219136K, 17% used [0x00000000d5580000,0x00000000d7b0a660,0x00000000e2b80000)
  from space 19968K, 0% used [0x00000000e3f00000,0x00000000e3f00000,0x00000000e5280000)
  to   space 19968K, 0% used [0x00000000e2b80000,0x00000000e2b80000,0x00000000e3f00000)
 ParOldGen       total 120320K, used 33746K [0x0000000080000000, 0x0000000087580000, 0x00000000d5580000)
  object space 120320K, 28% used [0x0000000080000000,0x00000000820f4ae8,0x0000000087580000)
 Metaspace       used 59596K, capacity 61912K, committed 62232K, reserved 1103872K
  class space    used 8233K, capacity 8721K, committed 8752K, reserved 1048576K
GC Heap History (10 events):
Event: 6.520 GC heap before
{Heap before GC invocations=11 (full 2):
 PSYoungGen      total 139264K, used 11175K [0x00000000d5580000, 0x00000000e1a00000, 0x0000000100000000)
  eden space 128000K, 0% used [0x00000000d5580000,0x00000000d5580000,0x00000000dd280000)
  from space 11264K, 99% used [0x00000000dd280000,0x00000000ddd69c70,0x00000000ddd80000)
  to   space 12800K, 0% used [0x00000000e0d80000,0x00000000e0d80000,0x00000000e1a00000)
 ParOldGen       total 49664K, used 6907K [0x0000000080000000, 0x0000000083080000, 0x00000000d5580000)
  object space 49664K, 13% used [0x0000000080000000,0x00000000806bed58,0x0000000083080000)
 Metaspace       used 34296K, capacity 35414K, committed 35496K, reserved 1079296K
  class space    used 4721K, capacity 5002K, committed 5040K, reserved 1048576K
Event: 6.606 GC heap after
Heap after GC invocations=11 (full 2):
 PSYoungGen      total 139264K, used 0K [0x00000000d5580000, 0x00000000e1a00000, 0x0000000100000000)
  eden space 128000K, 0% used [0x00000000d5580000,0x00000000d5580000,0x00000000dd280000)
  from space 11264K, 0% used [0x00000000dd280000,0x00000000dd280000,0x00000000ddd80000)
  to   space 12800K, 0% used [0x00000000e0d80000,0x00000000e0d80000,0x00000000e1a00000)
 ParOldGen       total 76800K, used 17424K [0x0000000080000000, 0x0000000084b00000, 0x00000000d5580000)
  object space 76800K, 22% used [0x0000000080000000,0x0000000081104150,0x0000000084b00000)
 Metaspace       used 34296K, capacity 35414K, committed 35496K, reserved 1079296K
  class space    used 4721K, capacity 5002K, committed 5040K, reserved 1048576K
}
Event: 7.703 GC heap before
{Heap before GC invocations=12 (full 2):
 PSYoungGen      total 139264K, used 128000K [0x00000000d5580000, 0x00000000e1a00000, 0x0000000100000000)
  eden space 128000K, 100% used [0x00000000d5580000,0x00000000dd280000,0x00000000dd280000)
  from space 11264K, 0% used [0x00000000dd280000,0x00000000dd280000,0x00000000ddd80000)
  to   space 12800K, 0% used [0x00000000e0d80000,0x00000000e0d80000,0x00000000e1a00000)
 ParOldGen       total 76800K, used 17424K [0x0000000080000000, 0x0000000084b00000, 0x00000000d5580000)
  object space 76800K, 22% used [0x0000000080000000,0x0000000081104150,0x0000000084b00000)
 Metaspace       used 39478K, capacity 41276K, committed 41512K, reserved 1085440K
  class space    used 5451K, capacity 5822K, committed 5936K, reserved 1048576K
Event: 7.714 GC heap after
Heap after GC invocations=12 (full 2):
 PSYoungGen      total 179200K, used 10183K [0x00000000d5580000, 0x00000000e1780000, 0x0000000100000000)
  eden space 168960K, 0% used [0x00000000d5580000,0x00000000d5580000,0x00000000dfa80000)
  from space 10240K, 99% used [0x00000000e0d80000,0x00000000e1771d48,0x00000000e1780000)
  to   space 13312K, 0% used [0x00000000dfd80000,0x00000000dfd80000,0x00000000e0a80000)
 ParOldGen       total 76800K, used 17432K [0x0000000080000000, 0x0000000084b00000, 0x00000000d5580000)
  object space 76800K, 22% used [0x0000000080000000,0x0000000081106150,0x0000000084b00000)
 Metaspace       used 39478K, capacity 41276K, committed 41512K, reserved 1085440K
  class space    used 5451K, capacity 5822K, committed 5936K, reserved 1048576K
}
Event: 10.316 GC heap before
{Heap before GC invocations=13 (full 2):
 PSYoungGen      total 179200K, used 179143K [0x00000000d5580000, 0x00000000e1780000, 0x0000000100000000)
  eden space 168960K, 100% used [0x00000000d5580000,0x00000000dfa80000,0x00000000dfa80000)
  from space 10240K, 99% used [0x00000000e0d80000,0x00000000e1771d48,0x00000000e1780000)
  to   space 13312K, 0% used [0x00000000dfd80000,0x00000000dfd80000,0x00000000e0a80000)
 ParOldGen       total 76800K, used 17432K [0x0000000080000000, 0x0000000084b00000, 0x00000000d5580000)
  object space 76800K, 22% used [0x0000000080000000,0x0000000081106150,0x0000000084b00000)
 Metaspace       used 54532K, capacity 56776K, committed 57128K, reserved 1097728K
  class space    used 7430K, capacity 7874K, committed 7984K, reserved 1048576K
Event: 10.344 GC heap after
Heap after GC invocations=13 (full 2):
 PSYoungGen      total 185344K, used 13300K [0x00000000d5580000, 0x00000000e5280000, 0x0000000100000000)
  eden space 172032K, 0% used [0x00000000d5580000,0x00000000d5580000,0x00000000dfd80000)
  from space 13312K, 99% used [0x00000000dfd80000,0x00000000e0a7d380,0x00000000e0a80000)
  to   space 19968K, 0% used [0x00000000e3f00000,0x00000000e3f00000,0x00000000e5280000)
 ParOldGen       total 76800K, used 30873K [0x0000000080000000, 0x0000000084b00000, 0x00000000d5580000)
  object space 76800K, 40% used [0x0000000080000000,0x0000000081e265b8,0x0000000084b00000)
 Metaspace       used 54532K, capacity 56776K, committed 57128K, reserved 1097728K
  class space    used 7430K, capacity 7874K, committed 7984K, reserved 1048576K
}
Event: 11.141 GC heap before
{Heap before GC invocations=14 (full 2):
 PSYoungGen      total 185344K, used 69680K [0x00000000d5580000, 0x00000000e5280000, 0x0000000100000000)
  eden space 172032K, 32% used [0x00000000d5580000,0x00000000d8c8eee0,0x00000000dfd80000)
  from space 13312K, 99% used [0x00000000dfd80000,0x00000000e0a7d380,0x00000000e0a80000)
  to   space 19968K, 0% used [0x00000000e3f00000,0x00000000e3f00000,0x00000000e5280000)
 ParOldGen       total 76800K, used 30873K [0x0000000080000000, 0x0000000084b00000, 0x00000000d5580000)
  object space 76800K, 40% used [0x0000000080000000,0x0000000081e265b8,0x0000000084b00000)
 Metaspace       used 56693K, capacity 59054K, committed 59160K, reserved 1099776K
  class space    used 7759K, capacity 8236K, committed 8240K, reserved 1048576K
Event: 11.162 GC heap after
Heap after GC invocations=14 (full 2):
 PSYoungGen      total 239104K, used 5048K [0x00000000d5580000, 0x00000000e5700000, 0x0000000100000000)
  eden space 219136K, 0% used [0x00000000d5580000,0x00000000d5580000,0x00000000e2b80000)
  from space 19968K, 25% used [0x00000000e3f00000,0x00000000e43ee0a8,0x00000000e5280000)
  to   space 19968K, 0% used [0x00000000e2b80000,0x00000000e2b80000,0x00000000e3f00000)
 ParOldGen       total 76800K, used 41841K [0x0000000080000000, 0x0000000084b00000, 0x00000000d5580000)
  object space 76800K, 54% used [0x0000000080000000,0x00000000828dc5e8,0x0000000084b00000)
 Metaspace       used 56693K, capacity 59054K, committed 59160K, reserved 1099776K
  class space    used 7759K, capacity 8236K, committed 8240K, reserved 1048576K
}
Event: 11.162 GC heap before
{Heap before GC invocations=15 (full 3):
 PSYoungGen      total 239104K, used 5048K [0x00000000d5580000, 0x00000000e5700000, 0x0000000100000000)
  eden space 219136K, 0% used [0x00000000d5580000,0x00000000d5580000,0x00000000e2b80000)
  from space 19968K, 25% used [0x00000000e3f00000,0x00000000e43ee0a8,0x00000000e5280000)
  to   space 19968K, 0% used [0x00000000e2b80000,0x00000000e2b80000,0x00000000e3f00000)
 ParOldGen       total 76800K, used 41841K [0x0000000080000000, 0x0000000084b00000, 0x00000000d5580000)
  object space 76800K, 54% used [0x0000000080000000,0x00000000828dc5e8,0x0000000084b00000)
 Metaspace       used 56693K, capacity 59054K, committed 59160K, reserved 1099776K
  class space    used 7759K, capacity 8236K, committed 8240K, reserved 1048576K
Event: 11.470 GC heap after
Heap after GC invocations=15 (full 3):
 PSYoungGen      total 239104K, used 0K [0x00000000d5580000, 0x00000000e5700000, 0x0000000100000000)
  eden space 219136K, 0% used [0x00000000d5580000,0x00000000d5580000,0x00000000e2b80000)
  from space 19968K, 0% used [0x00000000e3f00000,0x00000000e3f00000,0x00000000e5280000)
  to   space 19968K, 0% used [0x00000000e2b80000,0x00000000e2b80000,0x00000000e3f00000)
 ParOldGen       total 120320K, used 33746K [0x0000000080000000, 0x0000000087580000, 0x00000000d5580000)
  object space 120320K, 28% used [0x0000000080000000,0x00000000820f4ae8,0x0000000087580000)
 Metaspace       used 56659K, capacity 58940K, committed 59160K, reserved 1099776K
  class space    used 7749K, capacity 8217K, committed 8240K, reserved 1048576K
}

