# JRE version: OpenJDK Runtime Environment (8.0_242-b01) (build 1.8.0_242-release-1644-b01)
# Java VM: OpenJDK 64-Bit Server VM (25.242-b01 mixed mode windows-amd64 compressed oops)
Heap:
 PSYoungGen      total 183808K, used 45965K [0x00000000d5580000, 0x00000000e5600000, 0x0000000100000000)
  eden space 170496K, 19% used [0x00000000d5580000,0x00000000d7567650,0x00000000dfc00000)
  from space 13312K, 99% used [0x00000000dfc00000,0x00000000e08fbf48,0x00000000e0900000)
  to   space 20480K, 0% used [0x00000000e4200000,0x00000000e4200000,0x00000000e5600000)
 ParOldGen       total 76800K, used 31433K [0x0000000080000000, 0x0000000084b00000, 0x00000000d5580000)
  object space 76800K, 40% used [0x0000000080000000,0x0000000081eb24a8,0x0000000084b00000)
 Metaspace       used 55972K, capacity 58240K, committed 58408K, reserved 1099776K
  class space    used 7639K, capacity 8137K, committed 8240K, reserved 1048576K
GC Heap History (10 events):
Event: 6.068 GC heap before
{Heap before GC invocations=9 (full 1):
 PSYoungGen      total 76800K, used 65536K [0x00000000d5580000, 0x00000000dea80000, 0x0000000100000000)
  eden space 65536K, 100% used [0x00000000d5580000,0x00000000d9580000,0x00000000d9580000)
  from space 11264K, 0% used [0x00000000d9580000,0x00000000d9580000,0x00000000da080000)
  to   space 10752K, 0% used [0x00000000de000000,0x00000000de000000,0x00000000dea80000)
 ParOldGen       total 50688K, used 6891K [0x0000000080000000, 0x0000000083180000, 0x00000000d5580000)
  object space 50688K, 13% used [0x0000000080000000,0x00000000806bafe8,0x0000000083180000)
 Metaspace       used 28656K, capacity 29476K, committed 29616K, reserved 1075200K
  class space    used 3968K, capacity 4220K, committed 4272K, reserved 1048576K
Event: 6.092 GC heap after
Heap after GC invocations=9 (full 1):
 PSYoungGen      total 126464K, used 8373K [0x00000000d5580000, 0x00000000de880000, 0x0000000100000000)
  eden space 117760K, 0% used [0x00000000d5580000,0x00000000d5580000,0x00000000dc880000)
  from space 8704K, 96% used [0x00000000de000000,0x00000000de82d588,0x00000000de880000)
  to   space 11264K, 0% used [0x00000000dd280000,0x00000000dd280000,0x00000000ddd80000)
 ParOldGen       total 50688K, used 6899K [0x0000000080000000, 0x0000000083180000, 0x00000000d5580000)
  object space 50688K, 13% used [0x0000000080000000,0x00000000806bcfe8,0x0000000083180000)
 Metaspace       used 28656K, capacity 29476K, committed 29616K, reserved 1075200K
  class space    used 3968K, capacity 4220K, committed 4272K, reserved 1048576K
}
Event: 7.861 GC heap before
{Heap before GC invocations=10 (full 1):
 PSYoungGen      total 126464K, used 104004K [0x00000000d5580000, 0x00000000de880000, 0x0000000100000000)
  eden space 117760K, 81% used [0x00000000d5580000,0x00000000db2e3d10,0x00000000dc880000)
  from space 8704K, 96% used [0x00000000de000000,0x00000000de82d588,0x00000000de880000)
  to   space 11264K, 0% used [0x00000000dd280000,0x00000000dd280000,0x00000000ddd80000)
 ParOldGen       total 50688K, used 6899K [0x0000000080000000, 0x0000000083180000, 0x00000000d5580000)
  object space 50688K, 13% used [0x0000000080000000,0x00000000806bcfe8,0x0000000083180000)
 Metaspace       used 34319K, capacity 35414K, committed 35496K, reserved 1079296K
  class space    used 4722K, capacity 5002K, committed 5040K, reserved 1048576K
Event: 7.873 GC heap after
Heap after GC invocations=10 (full 1):
 PSYoungGen      total 139264K, used 11255K [0x00000000d5580000, 0x00000000e1580000, 0x0000000100000000)
  eden space 128000K, 0% used [0x00000000d5580000,0x00000000d5580000,0x00000000dd280000)
  from space 11264K, 99% used [0x00000000dd280000,0x00000000ddd7dc80,0x00000000ddd80000)
  to   space 12800K, 0% used [0x00000000e0900000,0x00000000e0900000,0x00000000e1580000)
 ParOldGen       total 50688K, used 6943K [0x0000000080000000, 0x0000000083180000, 0x00000000d5580000)
  object space 50688K, 13% used [0x0000000080000000,0x00000000806c7ee8,0x0000000083180000)
 Metaspace       used 34319K, capacity 35414K, committed 35496K, reserved 1079296K
  class space    used 4722K, capacity 5002K, committed 5040K, reserved 1048576K
}
Event: 7.874 GC heap before
{Heap before GC invocations=11 (full 2):
 PSYoungGen      total 139264K, used 11255K [0x00000000d5580000, 0x00000000e1580000, 0x0000000100000000)
  eden space 128000K, 0% used [0x00000000d5580000,0x00000000d5580000,0x00000000dd280000)
  from space 11264K, 99% used [0x00000000dd280000,0x00000000ddd7dc80,0x00000000ddd80000)
  to   space 12800K, 0% used [0x00000000e0900000,0x00000000e0900000,0x00000000e1580000)
 ParOldGen       total 50688K, used 6943K [0x0000000080000000, 0x0000000083180000, 0x00000000d5580000)
  object space 50688K, 13% used [0x0000000080000000,0x00000000806c7ee8,0x0000000083180000)
 Metaspace       used 34319K, capacity 35414K, committed 35496K, reserved 1079296K
  class space    used 4722K, capacity 5002K, committed 5040K, reserved 1048576K
Event: 7.973 GC heap after
Heap after GC invocations=11 (full 2):
 PSYoungGen      total 139264K, used 0K [0x00000000d5580000, 0x00000000e1580000, 0x0000000100000000)
  eden space 128000K, 0% used [0x00000000d5580000,0x00000000d5580000,0x00000000dd280000)
  from space 11264K, 0% used [0x00000000dd280000,0x00000000dd280000,0x00000000ddd80000)
  to   space 12800K, 0% used [0x00000000e0900000,0x00000000e0900000,0x00000000e1580000)
 ParOldGen       total 76800K, used 17496K [0x0000000080000000, 0x0000000084b00000, 0x00000000d5580000)
  object space 76800K, 22% used [0x0000000080000000,0x00000000811163e8,0x0000000084b00000)
 Metaspace       used 34319K, capacity 35414K, committed 35496K, reserved 1079296K
  class space    used 4722K, capacity 5002K, committed 5040K, reserved 1048576K
}
Event: 10.251 GC heap before
{Heap before GC invocations=12 (full 2):
 PSYoungGen      total 139264K, used 128000K [0x00000000d5580000, 0x00000000e1580000, 0x0000000100000000)
  eden space 128000K, 100% used [0x00000000d5580000,0x00000000dd280000,0x00000000dd280000)
  from space 11264K, 0% used [0x00000000dd280000,0x00000000dd280000,0x00000000ddd80000)
  to   space 12800K, 0% used [0x00000000e0900000,0x00000000e0900000,0x00000000e1580000)
 ParOldGen       total 76800K, used 17496K [0x0000000080000000, 0x0000000084b00000, 0x00000000d5580000)
  object space 76800K, 22% used [0x0000000080000000,0x00000000811163e8,0x0000000084b00000)
 Metaspace       used 39560K, capacity 41318K, committed 41512K, reserved 1085440K
  class space    used 5459K, capacity 5819K, committed 5936K, reserved 1048576K
Event: 10.262 GC heap after
Heap after GC invocations=12 (full 2):
 PSYoungGen      total 183296K, used 10125K [0x00000000d5580000, 0x00000000e1600000, 0x0000000100000000)
  eden space 170496K, 0% used [0x00000000d5580000,0x00000000d5580000,0x00000000dfc00000)
  from space 12800K, 79% used [0x00000000e0900000,0x00000000e12e3618,0x00000000e1580000)
  to   space 13312K, 0% used [0x00000000dfc00000,0x00000000dfc00000,0x00000000e0900000)
 ParOldGen       total 76800K, used 17504K [0x0000000080000000, 0x0000000084b00000, 0x00000000d5580000)
  object space 76800K, 22% used [0x0000000080000000,0x00000000811183e8,0x0000000084b00000)
 Metaspace       used 39560K, capacity 41318K, committed 41512K, reserved 1085440K
  class space    used 5459K, capacity 5819K, committed 5936K, reserved 1048576K
}
Event: 17.240 GC heap before
{Heap before GC invocations=13 (full 2):
 PSYoungGen      total 183296K, used 180621K [0x00000000d5580000, 0x00000000e1600000, 0x0000000100000000)
  eden space 170496K, 100% used [0x00000000d5580000,0x00000000dfc00000,0x00000000dfc00000)
  from space 12800K, 79% used [0x00000000e0900000,0x00000000e12e3618,0x00000000e1580000)
  to   space 13312K, 0% used [0x00000000dfc00000,0x00000000dfc00000,0x00000000e0900000)
 ParOldGen       total 76800K, used 17504K [0x0000000080000000, 0x0000000084b00000, 0x00000000d5580000)
  object space 76800K, 22% used [0x0000000080000000,0x00000000811183e8,0x0000000084b00000)
 Metaspace       used 54875K, capacity 57134K, committed 57384K, reserved 1099776K
  class space    used 7490K, capacity 7952K, committed 7984K, reserved 1048576K
Event: 17.288 GC heap after
Heap after GC invocations=13 (full 2):
 PSYoungGen      total 183808K, used 13295K [0x00000000d5580000, 0x00000000e5600000, 0x0000000100000000)
  eden space 170496K, 0% used [0x00000000d5580000,0x00000000d5580000,0x00000000dfc00000)
  from space 13312K, 99% used [0x00000000dfc00000,0x00000000e08fbf48,0x00000000e0900000)
  to   space 20480K, 0% used [0x00000000e4200000,0x00000000e4200000,0x00000000e5600000)
 ParOldGen       total 76800K, used 31433K [0x0000000080000000, 0x0000000084b00000, 0x00000000d5580000)
  object space 76800K, 40% used [0x0000000080000000,0x0000000081eb24a8,0x0000000084b00000)
 Metaspace       used 54875K, capacity 57134K, committed 57384K, reserved 1099776K
  class space    used 7490K, capacity 7952K, committed 7984K, reserved 1048576K
}

