# JRE version: OpenJDK Runtime Environment (8.0_242-b01) (build 1.8.0_242-release-1644-b01)
# Java VM: OpenJDK 64-Bit Server VM (25.242-b01 mixed mode windows-amd64 compressed oops)
Heap:
 PSYoungGen      total 485376K, used 236973K [0x00000000d5580000, 0x00000000fd280000, 0x0000000100000000)
  eden space 367616K, 45% used [0x00000000d5580000,0x00000000df7e3460,0x00000000ebc80000)
  from space 117760K, 60% used [0x00000000ebc80000,0x00000000f0188158,0x00000000f2f80000)
  to   space 123904K, 0% used [0x00000000f5980000,0x00000000f5980000,0x00000000fd280000)
 ParOldGen       total 374784K, used 75332K [0x0000000080000000, 0x0000000096e00000, 0x00000000d5580000)
  object space 374784K, 20% used [0x0000000080000000,0x0000000084991208,0x0000000096e00000)
 Metaspace       used 112037K, capacity 118742K, committed 119128K, reserved 1153024K
  class space    used 14556K, capacity 15760K, committed 16000K, reserved 1048576K
GC Heap History (10 events):
Event: 9311.838 GC heap before
{Heap before GC invocations=49 (full 8):
 PSYoungGen      total 356864K, used 9552K [0x00000000d5580000, 0x00000000f9080000, 0x0000000100000000)
  eden space 347136K, 0% used [0x00000000d5580000,0x00000000d5580000,0x00000000ea880000)
  from space 9728K, 98% used [0x00000000ea880000,0x00000000eb1d4030,0x00000000eb200000)
  to   space 118784K, 0% used [0x00000000f1c80000,0x00000000f1c80000,0x00000000f9080000)
 ParOldGen       total 374784K, used 66646K [0x0000000080000000, 0x0000000096e00000, 0x00000000d5580000)
  object space 374784K, 17% used [0x0000000080000000,0x00000000841159b0,0x0000000096e00000)
 Metaspace       used 111578K, capacity 118184K, committed 118616K, reserved 1153024K
  class space    used 14540K, capacity 15735K, committed 16000K, reserved 1048576K
Event: 9312.231 GC heap after
Heap after GC invocations=49 (full 8):
 PSYoungGen      total 356864K, used 0K [0x00000000d5580000, 0x00000000f9080000, 0x0000000100000000)
  eden space 347136K, 0% used [0x00000000d5580000,0x00000000d5580000,0x00000000ea880000)
  from space 9728K, 0% used [0x00000000ea880000,0x00000000ea880000,0x00000000eb200000)
  to   space 118784K, 0% used [0x00000000f1c80000,0x00000000f1c80000,0x00000000f9080000)
 ParOldGen       total 374784K, used 66505K [0x0000000080000000, 0x0000000096e00000, 0x00000000d5580000)
  object space 374784K, 17% used [0x0000000080000000,0x00000000840f2738,0x0000000096e00000)
 Metaspace       used 111578K, capacity 118184K, committed 118616K, reserved 1153024K
  class space    used 14540K, capacity 15735K, committed 16000K, reserved 1048576K
}
Event: 9346.732 GC heap before
{Heap before GC invocations=50 (full 8):
 PSYoungGen      total 356864K, used 347136K [0x00000000d5580000, 0x00000000f9080000, 0x0000000100000000)
  eden space 347136K, 100% used [0x00000000d5580000,0x00000000ea880000,0x00000000ea880000)
  from space 9728K, 0% used [0x00000000ea880000,0x00000000ea880000,0x00000000eb200000)
  to   space 118784K, 0% used [0x00000000f1c80000,0x00000000f1c80000,0x00000000f9080000)
 ParOldGen       total 374784K, used 66505K [0x0000000080000000, 0x0000000096e00000, 0x00000000d5580000)
  object space 374784K, 17% used [0x0000000080000000,0x00000000840f2738,0x0000000096e00000)
 Metaspace       used 111738K, capacity 118386K, committed 118872K, reserved 1153024K
  class space    used 14552K, capacity 15756K, committed 16000K, reserved 1048576K
Event: 9346.779 GC heap after
Heap after GC invocations=50 (full 8):
 PSYoungGen      total 458752K, used 75541K [0x00000000d5580000, 0x00000000fc780000, 0x0000000100000000)
  eden space 339968K, 0% used [0x00000000d5580000,0x00000000d5580000,0x00000000ea180000)
  from space 118784K, 63% used [0x00000000f1c80000,0x00000000f66456f0,0x00000000f9080000)
  to   space 125952K, 0% used [0x00000000ea180000,0x00000000ea180000,0x00000000f1c80000)
 ParOldGen       total 374784K, used 66513K [0x0000000080000000, 0x0000000096e00000, 0x00000000d5580000)
  object space 374784K, 17% used [0x0000000080000000,0x00000000840f4738,0x0000000096e00000)
 Metaspace       used 111738K, capacity 118386K, committed 118872K, reserved 1153024K
  class space    used 14552K, capacity 15756K, committed 16000K, reserved 1048576K
}
Event: 9349.375 GC heap before
{Heap before GC invocations=51 (full 8):
 PSYoungGen      total 458752K, used 415509K [0x00000000d5580000, 0x00000000fc780000, 0x0000000100000000)
  eden space 339968K, 100% used [0x00000000d5580000,0x00000000ea180000,0x00000000ea180000)
  from space 118784K, 63% used [0x00000000f1c80000,0x00000000f66456f0,0x00000000f9080000)
  to   space 125952K, 0% used [0x00000000ea180000,0x00000000ea180000,0x00000000f1c80000)
 ParOldGen       total 374784K, used 66513K [0x0000000080000000, 0x0000000096e00000, 0x00000000d5580000)
  object space 374784K, 17% used [0x0000000080000000,0x00000000840f4738,0x0000000096e00000)
 Metaspace       used 111769K, capacity 118386K, committed 118872K, reserved 1153024K
  class space    used 14552K, capacity 15756K, committed 16000K, reserved 1048576K
Event: 9349.387 GC heap after
Heap after GC invocations=51 (full 8):
 PSYoungGen      total 465920K, used 3913K [0x00000000d5580000, 0x00000000fb580000, 0x0000000100000000)
  eden space 339968K, 0% used [0x00000000d5580000,0x00000000d5580000,0x00000000ea180000)
  from space 125952K, 3% used [0x00000000ea180000,0x00000000ea552610,0x00000000f1c80000)
  to   space 122880K, 0% used [0x00000000f3d80000,0x00000000f3d80000,0x00000000fb580000)
 ParOldGen       total 374784K, used 75316K [0x0000000080000000, 0x0000000096e00000, 0x00000000d5580000)
  object space 374784K, 20% used [0x0000000080000000,0x000000008498d208,0x0000000096e00000)
 Metaspace       used 111769K, capacity 118386K, committed 118872K, reserved 1153024K
  class space    used 14552K, capacity 15756K, committed 16000K, reserved 1048576K
}
Event: 9527.794 GC heap before
{Heap before GC invocations=52 (full 8):
 PSYoungGen      total 465920K, used 343881K [0x00000000d5580000, 0x00000000fb580000, 0x0000000100000000)
  eden space 339968K, 100% used [0x00000000d5580000,0x00000000ea180000,0x00000000ea180000)
  from space 125952K, 3% used [0x00000000ea180000,0x00000000ea552610,0x00000000f1c80000)
  to   space 122880K, 0% used [0x00000000f3d80000,0x00000000f3d80000,0x00000000fb580000)
 ParOldGen       total 374784K, used 75316K [0x0000000080000000, 0x0000000096e00000, 0x00000000d5580000)
  object space 374784K, 20% used [0x0000000080000000,0x000000008498d208,0x0000000096e00000)
 Metaspace       used 111885K, capacity 118588K, committed 119128K, reserved 1153024K
  class space    used 14553K, capacity 15757K, committed 16000K, reserved 1048576K
Event: 9527.808 GC heap after
Heap after GC invocations=52 (full 8):
 PSYoungGen      total 471040K, used 11563K [0x00000000d5580000, 0x00000000fa280000, 0x0000000100000000)
  eden space 367616K, 0% used [0x00000000d5580000,0x00000000d5580000,0x00000000ebc80000)
  from space 103424K, 11% used [0x00000000f3d80000,0x00000000f48caec0,0x00000000fa280000)
  to   space 117760K, 0% used [0x00000000ebc80000,0x00000000ebc80000,0x00000000f2f80000)
 ParOldGen       total 374784K, used 75324K [0x0000000080000000, 0x0000000096e00000, 0x00000000d5580000)
  object space 374784K, 20% used [0x0000000080000000,0x000000008498f208,0x0000000096e00000)
 Metaspace       used 111885K, capacity 118588K, committed 119128K, reserved 1153024K
  class space    used 14553K, capacity 15757K, committed 16000K, reserved 1048576K
}
Event: 9529.553 GC heap before
{Heap before GC invocations=53 (full 8):
 PSYoungGen      total 471040K, used 379179K [0x00000000d5580000, 0x00000000fa280000, 0x0000000100000000)
  eden space 367616K, 100% used [0x00000000d5580000,0x00000000ebc80000,0x00000000ebc80000)
  from space 103424K, 11% used [0x00000000f3d80000,0x00000000f48caec0,0x00000000fa280000)
  to   space 117760K, 0% used [0x00000000ebc80000,0x00000000ebc80000,0x00000000f2f80000)
 ParOldGen       total 374784K, used 75324K [0x0000000080000000, 0x0000000096e00000, 0x00000000d5580000)
  object space 374784K, 20% used [0x0000000080000000,0x000000008498f208,0x0000000096e00000)
 Metaspace       used 112016K, capacity 118678K, committed 119128K, reserved 1153024K
  class space    used 14556K, capacity 15760K, committed 16000K, reserved 1048576K
Event: 9529.605 GC heap after
Heap after GC invocations=53 (full 8):
 PSYoungGen      total 485376K, used 70688K [0x00000000d5580000, 0x00000000fd280000, 0x0000000100000000)
  eden space 367616K, 0% used [0x00000000d5580000,0x00000000d5580000,0x00000000ebc80000)
  from space 117760K, 60% used [0x00000000ebc80000,0x00000000f0188158,0x00000000f2f80000)
  to   space 123904K, 0% used [0x00000000f5980000,0x00000000f5980000,0x00000000fd280000)
 ParOldGen       total 374784K, used 75332K [0x0000000080000000, 0x0000000096e00000, 0x00000000d5580000)
  object space 374784K, 20% used [0x0000000080000000,0x0000000084991208,0x0000000096e00000)
 Metaspace       used 112016K, capacity 118678K, committed 119128K, reserved 1153024K
  class space    used 14556K, capacity 15760K, committed 16000K, reserved 1048576K
}

